#-----------------------------------------------------------
# Vivado v2017.4 (64-bit)
# SW Build 2086221 on Fri Dec 15 20:55:39 MST 2017
# IP Build 2085800 on Fri Dec 15 22:25:07 MST 2017
# Start of session at: Mon Nov 12 11:11:47 2018
# Process ID: 6856
# Current directory: G:/Meu Drive/mips/mips
# Command line: vivado.exe -gui_launcher_event rodinguilauncherevent19512 G:\Meu Drive\mips\mips\MIPSOrg.xpr
# Log file: G:/Meu Drive/mips/mips/vivado.log
# Journal file: G:/Meu Drive/mips/mips\vivado.jou
#-----------------------------------------------------------
start_gui
open_project {G:/Meu Drive/mips/mips/MIPSOrg.xpr}
Scanning sources...
Finished scanning sources
INFO: [IP_Flow 19-234] Refreshing IP repositories
INFO: [IP_Flow 19-1704] No user IP repositories specified
INFO: [IP_Flow 19-2313] Loaded Vivado IP repository 'C:/Xilinx/Vivado/2017.4/data/ip'.
open_project: Time (s): cpu = 00:00:11 ; elapsed = 00:00:07 . Memory (MB): peak = 795.891 ; gain = 96.988
update_compile_order -fileset sources_1
launch_simulation
INFO: [Vivado 12-5682] Launching behavioral simulation in 'G:/Meu Drive/mips/mips/MIPSOrg.sim/sim_1/behav/xsim'
INFO: [SIM-utils-51] Simulation object is 'sim_1'
INFO: [SIM-utils-54] Inspecting design source files for 'tb_mips' in fileset 'sim_1'...
INFO: [USF-XSim-97] Finding global include files...
INFO: [USF-XSim-98] Fetching design files from 'sim_1'...
INFO: [USF-XSim-2] XSim::Compile design
INFO: [USF-XSim-61] Executing 'COMPILE and ANALYZE' step in 'G:/Meu Drive/mips/mips/MIPSOrg.sim/sim_1/behav/xsim'
"xvhdl --incr --relax -prj tb_mips_vhdl.prj"
INFO: [USF-XSim-69] 'compile' step finished in '2' seconds
INFO: [USF-XSim-3] XSim::Elaborate design
INFO: [USF-XSim-61] Executing 'ELABORATE' step in 'G:/Meu Drive/mips/mips/MIPSOrg.sim/sim_1/behav/xsim'
Vivado Simulator 2017.4
Copyright 1986-1999, 2001-2016 Xilinx, Inc. All Rights Reserved.
Running: C:/Xilinx/Vivado/2017.4/bin/unwrapped/win64.o/xelab.exe -wto e2ebc988673b43d1b3e7982bc941e8d0 --incr --debug typical --relax --mt 2 -L xil_defaultlib -L secureip --snapshot tb_mips_behav xil_defaultlib.tb_mips -log elaborate.log 
Using 2 slave threads.
Starting static elaboration
Completed static elaboration
INFO: [XSIM 43-4323] No Change in HDL. Linking previously generated obj files to create kernel
INFO: [USF-XSim-69] 'elaborate' step finished in '3' seconds
INFO: [USF-XSim-4] XSim::Simulate design
INFO: [USF-XSim-61] Executing 'SIMULATE' step in 'G:/Meu Drive/mips/mips/MIPSOrg.sim/sim_1/behav/xsim'
INFO: [USF-XSim-98] *** Running xsim
   with args "tb_mips_behav -key {Behavioral:sim_1:Functional:tb_mips} -tclbatch {tb_mips.tcl} -view {{G:/Meu Drive/mips/mips/tb_mips_behav.wcfg}} -log {simulate.log}"
INFO: [USF-XSim-8] Loading simulator feature
Vivado Simulator 2017.4
Time resolution is 1 ps
open_wave_config {G:/Meu Drive/mips/mips/tb_mips_behav.wcfg}
source tb_mips.tcl
# set curr_wave [current_wave_config]
# if { [string length $curr_wave] == 0 } {
#   if { [llength [get_objects]] > 0} {
#     add_wave /
#     set_property needs_save false [current_wave_config]
#   } else {
#      send_msg_id Add_Wave-1 WARNING "No top level signals found. Simulator will start without a wave window. If you want to open a wave window go to 'File->New Waveform Configuration' or type 'create_wave_config' in the TCL console."
#   }
# }
# run 1000ns
INFO: [USF-XSim-96] XSim completed. Design snapshot 'tb_mips_behav' loaded.
INFO: [USF-XSim-97] XSim simulation ran for 1000ns
launch_simulation: Time (s): cpu = 00:00:10 ; elapsed = 00:00:12 . Memory (MB): peak = 831.816 ; gain = 2.480
relaunch_sim
INFO: [Vivado 12-5682] Launching behavioral simulation in 'G:/Meu Drive/mips/mips/MIPSOrg.sim/sim_1/behav/xsim'
INFO: [SIM-utils-51] Simulation object is 'sim_1'
INFO: [SIM-utils-54] Inspecting design source files for 'tb_mips' in fileset 'sim_1'...
INFO: [USF-XSim-97] Finding global include files...
INFO: [USF-XSim-98] Fetching design files from 'sim_1'...
INFO: [USF-XSim-2] XSim::Compile design
INFO: [USF-XSim-61] Executing 'COMPILE and ANALYZE' step in 'G:/Meu Drive/mips/mips/MIPSOrg.sim/sim_1/behav/xsim'
"xvhdl --incr --relax -prj tb_mips_vhdl.prj"
INFO: [USF-XSim-69] 'compile' step finished in '2' seconds
INFO: [Vivado 12-5682] Launching behavioral simulation in 'G:/Meu Drive/mips/mips/MIPSOrg.sim/sim_1/behav/xsim'
INFO: [USF-XSim-3] XSim::Elaborate design
INFO: [USF-XSim-61] Executing 'ELABORATE' step in 'G:/Meu Drive/mips/mips/MIPSOrg.sim/sim_1/behav/xsim'
Vivado Simulator 2017.4
Copyright 1986-1999, 2001-2016 Xilinx, Inc. All Rights Reserved.
Running: C:/Xilinx/Vivado/2017.4/bin/unwrapped/win64.o/xelab.exe -wto e2ebc988673b43d1b3e7982bc941e8d0 --incr --debug typical --relax --mt 2 -L xil_defaultlib -L secureip --snapshot tb_mips_behav xil_defaultlib.tb_mips -log elaborate.log 
Using 2 slave threads.
Starting static elaboration
Completed static elaboration
INFO: [XSIM 43-4323] No Change in HDL. Linking previously generated obj files to create kernel
INFO: [USF-XSim-69] 'elaborate' step finished in '5' seconds
Vivado Simulator 2017.4
Time resolution is 1 ps
relaunch_sim: Time (s): cpu = 00:00:03 ; elapsed = 00:00:13 . Memory (MB): peak = 845.273 ; gain = 0.000
relaunch_sim
INFO: [Vivado 12-5682] Launching behavioral simulation in 'G:/Meu Drive/mips/mips/MIPSOrg.sim/sim_1/behav/xsim'
INFO: [SIM-utils-51] Simulation object is 'sim_1'
INFO: [SIM-utils-54] Inspecting design source files for 'tb_mips' in fileset 'sim_1'...
INFO: [USF-XSim-97] Finding global include files...
INFO: [USF-XSim-98] Fetching design files from 'sim_1'...
INFO: [USF-XSim-2] XSim::Compile design
INFO: [USF-XSim-61] Executing 'COMPILE and ANALYZE' step in 'G:/Meu Drive/mips/mips/MIPSOrg.sim/sim_1/behav/xsim'
"xvhdl --incr --relax -prj tb_mips_vhdl.prj"
INFO: [VRFC 10-163] Analyzing VHDL file "G:/Meu Drive/mips/mips/MIPSOrg.srcs/sources_1/new/mem.vhd" into library xil_defaultlib
INFO: [VRFC 10-307] analyzing entity mem
INFO: [VRFC 10-163] Analyzing VHDL file "G:/Meu Drive/mips/mips/MIPSOrg.srcs/sources_1/new/MIPs.vhd" into library xil_defaultlib
INFO: [VRFC 10-307] analyzing entity MIPs
INFO: [VRFC 10-163] Analyzing VHDL file "G:/Meu Drive/mips/mips/MIPSOrg.srcs/sim_1/new/mips_simulation.vhd" into library xil_defaultlib
INFO: [VRFC 10-307] analyzing entity tb_mips
INFO: [USF-XSim-69] 'compile' step finished in '3' seconds
launch_simulation: Time (s): cpu = 00:00:00 ; elapsed = 00:00:06 . Memory (MB): peak = 855.070 ; gain = 0.000
INFO: [Vivado 12-5682] Launching behavioral simulation in 'G:/Meu Drive/mips/mips/MIPSOrg.sim/sim_1/behav/xsim'
INFO: [USF-XSim-3] XSim::Elaborate design
INFO: [USF-XSim-61] Executing 'ELABORATE' step in 'G:/Meu Drive/mips/mips/MIPSOrg.sim/sim_1/behav/xsim'
Vivado Simulator 2017.4
Copyright 1986-1999, 2001-2016 Xilinx, Inc. All Rights Reserved.
Running: C:/Xilinx/Vivado/2017.4/bin/unwrapped/win64.o/xelab.exe -wto e2ebc988673b43d1b3e7982bc941e8d0 --incr --debug typical --relax --mt 2 -L xil_defaultlib -L secureip --snapshot tb_mips_behav xil_defaultlib.tb_mips -log elaborate.log 
Using 2 slave threads.
Starting static elaboration
Completed static elaboration
Starting simulation data flow analysis
Completed simulation data flow analysis
Time Resolution for simulation is 1ps
Compiling package std.standard
Compiling package std.textio
Compiling package ieee.std_logic_1164
Compiling package ieee.numeric_std
Compiling package unisim.vcomponents
Compiling package ieee.std_logic_arith
Compiling package ieee.std_logic_unsigned
Compiling architecture rtl of entity xil_defaultlib.control_unit [control_unit_default]
Compiling architecture rtl of entity xil_defaultlib.datapath [datapath_default]
Compiling architecture rtl of entity xil_defaultlib.mem [mem_default]
Compiling architecture rtl of entity xil_defaultlib.MIPs [mips_default]
Compiling architecture tb_mips of entity xil_defaultlib.tb_mips
Built simulation snapshot tb_mips_behav
run_program: Time (s): cpu = 00:00:01 ; elapsed = 00:00:07 . Memory (MB): peak = 855.070 ; gain = 0.000
INFO: [USF-XSim-69] 'elaborate' step finished in '8' seconds
launch_simulation: Time (s): cpu = 00:00:01 ; elapsed = 00:00:08 . Memory (MB): peak = 855.070 ; gain = 0.000
Vivado Simulator 2017.4
Time resolution is 1 ps
relaunch_sim: Time (s): cpu = 00:00:03 ; elapsed = 00:00:20 . Memory (MB): peak = 855.070 ; gain = 0.211
relaunch_sim
INFO: [Vivado 12-5682] Launching behavioral simulation in 'G:/Meu Drive/mips/mips/MIPSOrg.sim/sim_1/behav/xsim'
INFO: [SIM-utils-51] Simulation object is 'sim_1'
INFO: [SIM-utils-54] Inspecting design source files for 'tb_mips' in fileset 'sim_1'...
INFO: [USF-XSim-97] Finding global include files...
INFO: [USF-XSim-98] Fetching design files from 'sim_1'...
INFO: [USF-XSim-2] XSim::Compile design
INFO: [USF-XSim-61] Executing 'COMPILE and ANALYZE' step in 'G:/Meu Drive/mips/mips/MIPSOrg.sim/sim_1/behav/xsim'
"xvhdl --incr --relax -prj tb_mips_vhdl.prj"
INFO: [USF-XSim-69] 'compile' step finished in '2' seconds
INFO: [Vivado 12-5682] Launching behavioral simulation in 'G:/Meu Drive/mips/mips/MIPSOrg.sim/sim_1/behav/xsim'
INFO: [USF-XSim-3] XSim::Elaborate design
INFO: [USF-XSim-61] Executing 'ELABORATE' step in 'G:/Meu Drive/mips/mips/MIPSOrg.sim/sim_1/behav/xsim'
Vivado Simulator 2017.4
Copyright 1986-1999, 2001-2016 Xilinx, Inc. All Rights Reserved.
Running: C:/Xilinx/Vivado/2017.4/bin/unwrapped/win64.o/xelab.exe -wto e2ebc988673b43d1b3e7982bc941e8d0 --incr --debug typical --relax --mt 2 -L xil_defaultlib -L secureip --snapshot tb_mips_behav xil_defaultlib.tb_mips -log elaborate.log 
Using 2 slave threads.
Starting static elaboration
Completed static elaboration
INFO: [XSIM 43-4323] No Change in HDL. Linking previously generated obj files to create kernel
INFO: [USF-XSim-69] 'elaborate' step finished in '3' seconds
Vivado Simulator 2017.4
Time resolution is 1 ps
relaunch_sim: Time (s): cpu = 00:00:02 ; elapsed = 00:00:12 . Memory (MB): peak = 860.105 ; gain = 0.000
relaunch_sim
INFO: [Vivado 12-5682] Launching behavioral simulation in 'G:/Meu Drive/mips/mips/MIPSOrg.sim/sim_1/behav/xsim'
INFO: [SIM-utils-51] Simulation object is 'sim_1'
INFO: [SIM-utils-54] Inspecting design source files for 'tb_mips' in fileset 'sim_1'...
INFO: [USF-XSim-97] Finding global include files...
INFO: [USF-XSim-98] Fetching design files from 'sim_1'...
INFO: [USF-XSim-2] XSim::Compile design
INFO: [USF-XSim-61] Executing 'COMPILE and ANALYZE' step in 'G:/Meu Drive/mips/mips/MIPSOrg.sim/sim_1/behav/xsim'
"xvhdl --incr --relax -prj tb_mips_vhdl.prj"
INFO: [USF-XSim-69] 'compile' step finished in '3' seconds
INFO: [Vivado 12-5682] Launching behavioral simulation in 'G:/Meu Drive/mips/mips/MIPSOrg.sim/sim_1/behav/xsim'
INFO: [USF-XSim-3] XSim::Elaborate design
INFO: [USF-XSim-61] Executing 'ELABORATE' step in 'G:/Meu Drive/mips/mips/MIPSOrg.sim/sim_1/behav/xsim'
Vivado Simulator 2017.4
Copyright 1986-1999, 2001-2016 Xilinx, Inc. All Rights Reserved.
Running: C:/Xilinx/Vivado/2017.4/bin/unwrapped/win64.o/xelab.exe -wto e2ebc988673b43d1b3e7982bc941e8d0 --incr --debug typical --relax --mt 2 -L xil_defaultlib -L secureip --snapshot tb_mips_behav xil_defaultlib.tb_mips -log elaborate.log 
Using 2 slave threads.
Starting static elaboration
Completed static elaboration
INFO: [XSIM 43-4323] No Change in HDL. Linking previously generated obj files to create kernel
INFO: [USF-XSim-69] 'elaborate' step finished in '4' seconds
Vivado Simulator 2017.4
Time resolution is 1 ps
relaunch_sim: Time (s): cpu = 00:00:02 ; elapsed = 00:00:13 . Memory (MB): peak = 864.258 ; gain = 0.000
relaunch_sim
INFO: [Vivado 12-5682] Launching behavioral simulation in 'G:/Meu Drive/mips/mips/MIPSOrg.sim/sim_1/behav/xsim'
INFO: [SIM-utils-51] Simulation object is 'sim_1'
INFO: [SIM-utils-54] Inspecting design source files for 'tb_mips' in fileset 'sim_1'...
INFO: [USF-XSim-97] Finding global include files...
INFO: [USF-XSim-98] Fetching design files from 'sim_1'...
INFO: [USF-XSim-2] XSim::Compile design
INFO: [USF-XSim-61] Executing 'COMPILE and ANALYZE' step in 'G:/Meu Drive/mips/mips/MIPSOrg.sim/sim_1/behav/xsim'
"xvhdl --incr --relax -prj tb_mips_vhdl.prj"
INFO: [USF-XSim-69] 'compile' step finished in '2' seconds
INFO: [Vivado 12-5682] Launching behavioral simulation in 'G:/Meu Drive/mips/mips/MIPSOrg.sim/sim_1/behav/xsim'
INFO: [USF-XSim-3] XSim::Elaborate design
INFO: [USF-XSim-61] Executing 'ELABORATE' step in 'G:/Meu Drive/mips/mips/MIPSOrg.sim/sim_1/behav/xsim'
Vivado Simulator 2017.4
Copyright 1986-1999, 2001-2016 Xilinx, Inc. All Rights Reserved.
Running: C:/Xilinx/Vivado/2017.4/bin/unwrapped/win64.o/xelab.exe -wto e2ebc988673b43d1b3e7982bc941e8d0 --incr --debug typical --relax --mt 2 -L xil_defaultlib -L secureip --snapshot tb_mips_behav xil_defaultlib.tb_mips -log elaborate.log 
Using 2 slave threads.
Starting static elaboration
Completed static elaboration
INFO: [XSIM 43-4323] No Change in HDL. Linking previously generated obj files to create kernel
INFO: [USF-XSim-69] 'elaborate' step finished in '4' seconds
Vivado Simulator 2017.4
Time resolution is 1 ps
relaunch_sim: Time (s): cpu = 00:00:01 ; elapsed = 00:00:12 . Memory (MB): peak = 864.258 ; gain = 0.000
relaunch_sim
INFO: [Vivado 12-5682] Launching behavioral simulation in 'G:/Meu Drive/mips/mips/MIPSOrg.sim/sim_1/behav/xsim'
INFO: [SIM-utils-51] Simulation object is 'sim_1'
INFO: [SIM-utils-54] Inspecting design source files for 'tb_mips' in fileset 'sim_1'...
INFO: [USF-XSim-97] Finding global include files...
INFO: [USF-XSim-98] Fetching design files from 'sim_1'...
INFO: [USF-XSim-2] XSim::Compile design
INFO: [USF-XSim-61] Executing 'COMPILE and ANALYZE' step in 'G:/Meu Drive/mips/mips/MIPSOrg.sim/sim_1/behav/xsim'
"xvhdl --incr --relax -prj tb_mips_vhdl.prj"
INFO: [USF-XSim-69] 'compile' step finished in '2' seconds
INFO: [Vivado 12-5682] Launching behavioral simulation in 'G:/Meu Drive/mips/mips/MIPSOrg.sim/sim_1/behav/xsim'
INFO: [USF-XSim-3] XSim::Elaborate design
INFO: [USF-XSim-61] Executing 'ELABORATE' step in 'G:/Meu Drive/mips/mips/MIPSOrg.sim/sim_1/behav/xsim'
Vivado Simulator 2017.4
Copyright 1986-1999, 2001-2016 Xilinx, Inc. All Rights Reserved.
Running: C:/Xilinx/Vivado/2017.4/bin/unwrapped/win64.o/xelab.exe -wto e2ebc988673b43d1b3e7982bc941e8d0 --incr --debug typical --relax --mt 2 -L xil_defaultlib -L secureip --snapshot tb_mips_behav xil_defaultlib.tb_mips -log elaborate.log 
Using 2 slave threads.
Starting static elaboration
Completed static elaboration
INFO: [XSIM 43-4323] No Change in HDL. Linking previously generated obj files to create kernel
INFO: [USF-XSim-69] 'elaborate' step finished in '4' seconds
Vivado Simulator 2017.4
Time resolution is 1 ps
relaunch_sim: Time (s): cpu = 00:00:01 ; elapsed = 00:00:12 . Memory (MB): peak = 864.258 ; gain = 0.000
relaunch_sim
INFO: [Vivado 12-5682] Launching behavioral simulation in 'G:/Meu Drive/mips/mips/MIPSOrg.sim/sim_1/behav/xsim'
INFO: [SIM-utils-51] Simulation object is 'sim_1'
INFO: [SIM-utils-54] Inspecting design source files for 'tb_mips' in fileset 'sim_1'...
INFO: [USF-XSim-97] Finding global include files...
INFO: [USF-XSim-98] Fetching design files from 'sim_1'...
INFO: [USF-XSim-2] XSim::Compile design
INFO: [USF-XSim-61] Executing 'COMPILE and ANALYZE' step in 'G:/Meu Drive/mips/mips/MIPSOrg.sim/sim_1/behav/xsim'
"xvhdl --incr --relax -prj tb_mips_vhdl.prj"
INFO: [USF-XSim-69] 'compile' step finished in '2' seconds
INFO: [Vivado 12-5682] Launching behavioral simulation in 'G:/Meu Drive/mips/mips/MIPSOrg.sim/sim_1/behav/xsim'
INFO: [USF-XSim-3] XSim::Elaborate design
INFO: [USF-XSim-61] Executing 'ELABORATE' step in 'G:/Meu Drive/mips/mips/MIPSOrg.sim/sim_1/behav/xsim'
Vivado Simulator 2017.4
Copyright 1986-1999, 2001-2016 Xilinx, Inc. All Rights Reserved.
Running: C:/Xilinx/Vivado/2017.4/bin/unwrapped/win64.o/xelab.exe -wto e2ebc988673b43d1b3e7982bc941e8d0 --incr --debug typical --relax --mt 2 -L xil_defaultlib -L secureip --snapshot tb_mips_behav xil_defaultlib.tb_mips -log elaborate.log 
Using 2 slave threads.
Starting static elaboration
Completed static elaboration
INFO: [XSIM 43-4323] No Change in HDL. Linking previously generated obj files to create kernel
INFO: [Common 17-41] Interrupt caught. Command should exit soon.
INFO: [Common 17-344] 'run_program' was cancelled
INFO: [Vivado 12-5357] 'elaborate' step aborted
INFO: [Common 17-344] 'launch_simulation' was cancelled
INFO: [Common 17-344] 'relaunch_sim' was cancelled
close_sim
INFO: [Simtcl 6-16] Simulation closed
exit
INFO: [Common 17-206] Exiting Vivado at Mon Nov 12 11:21:24 2018...
