Exception at PC 0x00007FFEE287A388
Exception at PC 0x00007FFEE287A388
Exception at PC 0x00007FFEE287A388
Exception at PC 0x00007FFEE287A388
Exception at PC 0x00007FFE6889E132
Attemped to write at address 0x00007FFEB07A4AA4
Printing stacktrace...

[0]  [0x00007FFE6889E132]
[1]  [0x00007FFE6889E132]
[2]  [0x00007FFE6889E194]
[3]  [0x00007FFE684ED0D7]
[4]  [0x00007FFE683D2BCA]
[5]  [0x00007FFE683D2FD1]
[6]  [0x00007FFE6889EB2F]
[7]  [0x00007FFE6875C19D]
[8]  [0x00007FFE68755942]
[9]  [0x00007FFE68755AB5]
[10] (RtlActivateActivationContextUnsafeFast+0x123) [0x00007FFEE5874053]
[11] (LdrShutdownProcess+0x125) [0x00007FFEE5880A05]
[12] (RtlExitUserProcess+0xd8) [0x00007FFEE58808C8]
[13] (FatalExit+0xa) [0x00007FFEE339B19A]
[14] (exit+0x75) [0x00007FFEE5699CE5]
[15] (initterm_e+0x235) [0x00007FFEE569A345]
[16]  [0x00000000004014CD]
[17]  [0x000000000040151B]
[18] (BaseThreadInitThunk+0x14) [0x00007FFEE3393034]
[19] (RtlUserThreadStart+0x21) [0x00007FFEE58B1461]
Done
