#-----------------------------------------------------------
# Vivado v2017.4 (64-bit)
# SW Build 2086221 on Fri Dec 15 20:55:39 MST 2017
# IP Build 2085800 on Fri Dec 15 22:25:07 MST 2017
# Start of session at: Sat Nov 10 21:20:47 2018
# Process ID: 11948
# Current directory: C:/Users/laris/Dropbox/UERGS/Cadeiras/4º Semestre/Organização de  Computadores/Larissa-e-Giovani-Final
# Command line: vivado.exe -gui_launcher_event rodinguilauncherevent12800 C:\Users\laris\Dropbox\UERGS\Cadeiras\4º Semestre\Organização de  Computadores\Larissa-e-Giovani-Final\Larissa e Giovani Final.xpr
# Log file: C:/Users/laris/Dropbox/UERGS/Cadeiras/4º Semestre/Organização de  Computadores/Larissa-e-Giovani-Final/vivado.log
# Journal file: C:/Users/laris/Dropbox/UERGS/Cadeiras/4º Semestre/Organização de  Computadores/Larissa-e-Giovani-Final\vivado.jou
#-----------------------------------------------------------
start_gui
open_project {C:/Users/laris/Dropbox/UERGS/Cadeiras/4º Semestre/Organização de  Computadores/Larissa-e-Giovani-Final/Larissa e Giovani Final.xpr}
INFO: [ProjectBase 1-489] The host OS only allows 260 characters in a normal path. The project is stored in a path with more than 80 characters. If you experience issues with IP, Block Designs, or files not being found, please consider moving the project to a location with a shorter path. Alternately consider using the OS subst command to map part of the path to a drive letter.
Current project path is 'C:/Users/laris/Dropbox/UERGS/Cadeiras/4º Semestre/Organização de  Computadores/Larissa-e-Giovani-Final'
INFO: [Project 1-313] Project file moved from 'C:/KeS/Larissa-e-Giovani-Final' since last save.
Scanning sources...
Finished scanning sources
INFO: [IP_Flow 19-234] Refreshing IP repositories
INFO: [IP_Flow 19-1704] No user IP repositories specified
INFO: [IP_Flow 19-2313] Loaded Vivado IP repository 'C:/Xilinx/Vivado/2017.4/data/ip'.
open_project: Time (s): cpu = 00:00:15 ; elapsed = 00:00:08 . Memory (MB): peak = 810.859 ; gain = 131.898
update_compile_order -fileset sources_1
exit
INFO: [Common 17-206] Exiting Vivado at Sun Nov 11 04:34:46 2018...
